<?xml version="1.0" encoding="UTF-8"?>
<testsuite name="trianglepackage.TriangleTest" tests="1" skipped="0" failures="0" errors="0" timestamp="2019-10-30T20:01:51" hostname="JP" time="0.03">
  <properties/>
  <testcase name="testGetPerimeter()" classname="trianglepackage.TriangleTest" time="0.03"/>
  <system-out><![CDATA[]]></system-out>
  <system-err><![CDATA[]]></system-err>
</testsuite>
